c:\users\jamie\documents\github\3d-physics-engine\3d_physics_engine\x64\debug\vc143.pdb
c:\users\jamie\documents\github\3d-physics-engine\3d_physics_engine\x64\debug\vc143.idb
c:\users\jamie\documents\github\3d-physics-engine\3d_physics_engine\x64\debug\playerfoot.obj
c:\users\jamie\documents\github\3d-physics-engine\3d_physics_engine\x64\debug\player.obj
c:\users\jamie\documents\github\3d-physics-engine\3d_physics_engine\x64\debug\plane.obj
c:\users\jamie\documents\github\3d-physics-engine\3d_physics_engine\x64\debug\physicsengine.obj
c:\users\jamie\documents\github\3d-physics-engine\3d_physics_engine\x64\debug\penaltyscene.obj
c:\users\jamie\documents\github\3d-physics-engine\3d_physics_engine\x64\debug\mysimulationeventcallback.obj
c:\users\jamie\documents\github\3d-physics-engine\3d_physics_engine\x64\debug\joint.obj
c:\users\jamie\documents\github\3d-physics-engine\3d_physics_engine\x64\debug\hudscreen.obj
c:\users\jamie\documents\github\3d-physics-engine\3d_physics_engine\x64\debug\hud.obj
c:\users\jamie\documents\github\3d-physics-engine\3d_physics_engine\x64\debug\goalframe.obj
c:\users\jamie\documents\github\3d-physics-engine\3d_physics_engine\x64\debug\renderer.obj
c:\users\jamie\documents\github\3d-physics-engine\3d_physics_engine\x64\debug\glfontrenderer.obj
c:\users\jamie\documents\github\3d-physics-engine\3d_physics_engine\x64\debug\camera.obj
c:\users\jamie\documents\github\3d-physics-engine\3d_physics_engine\x64\debug\dynamicactor.obj
c:\users\jamie\documents\github\3d-physics-engine\3d_physics_engine\x64\debug\convexmesh.obj
c:\users\jamie\documents\github\3d-physics-engine\3d_physics_engine\x64\debug\capsule.obj
c:\users\jamie\documents\github\3d-physics-engine\3d_physics_engine\x64\debug\box.obj
c:\users\jamie\documents\github\3d-physics-engine\3d_physics_engine\x64\debug\boundarytrigger.obj
c:\users\jamie\documents\github\3d-physics-engine\3d_physics_engine\x64\debug\assignment.obj
c:\users\jamie\documents\github\3d-physics-engine\3d_physics_engine\x64\debug\actor.obj
c:\users\jamie\documents\github\3d-physics-engine\3d_physics_engine\x64\debug\visualdebugger.obj
c:\users\jamie\documents\github\3d-physics-engine\3d_physics_engine\x64\debug\trianglemesh.obj
c:\users\jamie\documents\github\3d-physics-engine\3d_physics_engine\x64\debug\staticactor.obj
c:\users\jamie\documents\github\3d-physics-engine\3d_physics_engine\x64\debug\sphere.obj
c:\users\jamie\documents\github\3d-physics-engine\3d_physics_engine\x64\debug\scene.obj
c:\users\jamie\documents\github\3d-physics-engine\3d_physics_engine\x64\debug\revolutejoint.obj
c:\users\jamie\documents\github\3d-physics-engine\x64\debug\3d_physics_engine.exe
c:\users\jamie\documents\github\3d-physics-engine\3d_physics_engine\x64\debug\3d_physics_engine.ilk
c:\users\jamie\documents\github\3d-physics-engine\x64\debug\3d_physics_engine.pdb
c:\users\jamie\documents\github\3d-physics-engine\3d_physics_engine\x64\debug\3d_physi.e9ecb82f.tlog\cl.command.1.tlog
c:\users\jamie\documents\github\3d-physics-engine\3d_physics_engine\x64\debug\3d_physi.e9ecb82f.tlog\cl.items.tlog
c:\users\jamie\documents\github\3d-physics-engine\3d_physics_engine\x64\debug\3d_physi.e9ecb82f.tlog\cl.read.1.tlog
c:\users\jamie\documents\github\3d-physics-engine\3d_physics_engine\x64\debug\3d_physi.e9ecb82f.tlog\cl.write.1.tlog
c:\users\jamie\documents\github\3d-physics-engine\3d_physics_engine\x64\debug\3d_physi.e9ecb82f.tlog\link.command.1.tlog
c:\users\jamie\documents\github\3d-physics-engine\3d_physics_engine\x64\debug\3d_physi.e9ecb82f.tlog\link.read.1.tlog
c:\users\jamie\documents\github\3d-physics-engine\3d_physics_engine\x64\debug\3d_physi.e9ecb82f.tlog\link.write.1.tlog
