C:\Program Files\Microsoft Visual Studio\2022\Community\MSBuild\Microsoft\VC\v170\Microsoft.CppBuild.targets(531,5): warning MSB8028: The intermediate directory (x64\Debug\) contains files shared from another project (Assignment.vcxproj).  This can lead to incorrect clean and rebuild behavior.
  DynamicActor.cpp
  GoalFrame.cpp
C:\Users\Jamie\Documents\GitHub\3D-Physics-Engine\3D_Physics_Engine\GoalFrame.cpp(9,48): warning C4305: 'argument': truncation from 'double' to 'float'
C:\Users\Jamie\Documents\GitHub\3D-Physics-Engine\3D_Physics_Engine\GoalFrame.cpp(9,42): warning C4305: 'argument': truncation from 'double' to 'float'
C:\Users\Jamie\Documents\GitHub\3D-Physics-Engine\3D_Physics_Engine\GoalFrame.cpp(9,36): warning C4305: 'argument': truncation from 'double' to 'float'
C:\Users\Jamie\Documents\GitHub\3D-Physics-Engine\3D_Physics_Engine\GoalFrame.cpp(10,48): warning C4305: 'argument': truncation from 'double' to 'float'
C:\Users\Jamie\Documents\GitHub\3D-Physics-Engine\3D_Physics_Engine\GoalFrame.cpp(10,42): warning C4305: 'argument': truncation from 'double' to 'float'
C:\Users\Jamie\Documents\GitHub\3D-Physics-Engine\3D_Physics_Engine\GoalFrame.cpp(10,36): warning C4305: 'argument': truncation from 'double' to 'float'
C:\Users\Jamie\Documents\GitHub\3D-Physics-Engine\3D_Physics_Engine\GoalFrame.cpp(11,48): warning C4305: 'argument': truncation from 'double' to 'float'
C:\Users\Jamie\Documents\GitHub\3D-Physics-Engine\3D_Physics_Engine\GoalFrame.cpp(11,42): warning C4305: 'argument': truncation from 'double' to 'float'
C:\Users\Jamie\Documents\GitHub\3D-Physics-Engine\3D_Physics_Engine\GoalFrame.cpp(11,36): warning C4305: 'argument': truncation from 'double' to 'float'
C:\Users\Jamie\Documents\GitHub\3D-Physics-Engine\3D_Physics_Engine\GoalFrame.cpp(14,51): warning C4305: 'argument': truncation from 'double' to 'float'
C:\Users\Jamie\Documents\GitHub\3D-Physics-Engine\3D_Physics_Engine\GoalFrame.cpp(15,50): warning C4305: 'argument': truncation from 'double' to 'float'
C:\Users\Jamie\Documents\GitHub\3D-Physics-Engine\3D_Physics_Engine\GoalFrame.cpp(15,44): warning C4305: 'argument': truncation from 'double' to 'float'
C:\Users\Jamie\Documents\GitHub\3D-Physics-Engine\3D_Physics_Engine\GoalFrame.cpp(16,51): warning C4305: 'argument': truncation from 'double' to 'float'
C:\Users\Jamie\Documents\GitHub\3D-Physics-Engine\3D_Physics_Engine\GoalFrame.cpp(16,44): warning C4305: 'argument': truncation from 'double' to 'float'
  VisualDebugger.cpp
  Generating Code...
  3D_Physics_Engine.vcxproj -> C:\Users\Jamie\Documents\GitHub\3D-Physics-Engine\x64\Debug\3D_Physics_Engine.exe
