C:\Program Files\Microsoft Visual Studio\2022\Community\MSBuild\Microsoft\VC\v170\Microsoft.CppBuild.targets(531,5): warning MSB8028: The intermediate directory (x64\Debug\) contains files shared from another project (Assignment.vcxproj).  This can lead to incorrect clean and rebuild behavior.
  Actor.cpp
  Assignment.cpp
  BoundaryTrigger.cpp
  Box.cpp
  Capsule.cpp
  ConvexMesh.cpp
  DynamicActor.cpp
  Camera.cpp
  GLFontRenderer.cpp
  Renderer.cpp
  GoalFrame.cpp
C:\Users\Jamie\Documents\GitHub\3D-Physics-Engine\PhysXTutorial-master\PhysXTutorial-master\Tutorial 2\GoalFrame.cpp(9,48): warning C4305: 'argument': truncation from 'double' to 'float'
C:\Users\Jamie\Documents\GitHub\3D-Physics-Engine\PhysXTutorial-master\PhysXTutorial-master\Tutorial 2\GoalFrame.cpp(9,42): warning C4305: 'argument': truncation from 'double' to 'float'
C:\Users\Jamie\Documents\GitHub\3D-Physics-Engine\PhysXTutorial-master\PhysXTutorial-master\Tutorial 2\GoalFrame.cpp(9,36): warning C4305: 'argument': truncation from 'double' to 'float'
C:\Users\Jamie\Documents\GitHub\3D-Physics-Engine\PhysXTutorial-master\PhysXTutorial-master\Tutorial 2\GoalFrame.cpp(10,48): warning C4305: 'argument': truncation from 'double' to 'float'
C:\Users\Jamie\Documents\GitHub\3D-Physics-Engine\PhysXTutorial-master\PhysXTutorial-master\Tutorial 2\GoalFrame.cpp(10,42): warning C4305: 'argument': truncation from 'double' to 'float'
C:\Users\Jamie\Documents\GitHub\3D-Physics-Engine\PhysXTutorial-master\PhysXTutorial-master\Tutorial 2\GoalFrame.cpp(10,36): warning C4305: 'argument': truncation from 'double' to 'float'
C:\Users\Jamie\Documents\GitHub\3D-Physics-Engine\PhysXTutorial-master\PhysXTutorial-master\Tutorial 2\GoalFrame.cpp(11,48): warning C4305: 'argument': truncation from 'double' to 'float'
C:\Users\Jamie\Documents\GitHub\3D-Physics-Engine\PhysXTutorial-master\PhysXTutorial-master\Tutorial 2\GoalFrame.cpp(11,42): warning C4305: 'argument': truncation from 'double' to 'float'
C:\Users\Jamie\Documents\GitHub\3D-Physics-Engine\PhysXTutorial-master\PhysXTutorial-master\Tutorial 2\GoalFrame.cpp(11,36): warning C4305: 'argument': truncation from 'double' to 'float'
C:\Users\Jamie\Documents\GitHub\3D-Physics-Engine\PhysXTutorial-master\PhysXTutorial-master\Tutorial 2\GoalFrame.cpp(14,51): warning C4305: 'argument': truncation from 'double' to 'float'
C:\Users\Jamie\Documents\GitHub\3D-Physics-Engine\PhysXTutorial-master\PhysXTutorial-master\Tutorial 2\GoalFrame.cpp(15,50): warning C4305: 'argument': truncation from 'double' to 'float'
C:\Users\Jamie\Documents\GitHub\3D-Physics-Engine\PhysXTutorial-master\PhysXTutorial-master\Tutorial 2\GoalFrame.cpp(15,44): warning C4305: 'argument': truncation from 'double' to 'float'
C:\Users\Jamie\Documents\GitHub\3D-Physics-Engine\PhysXTutorial-master\PhysXTutorial-master\Tutorial 2\GoalFrame.cpp(16,51): warning C4305: 'argument': truncation from 'double' to 'float'
C:\Users\Jamie\Documents\GitHub\3D-Physics-Engine\PhysXTutorial-master\PhysXTutorial-master\Tutorial 2\GoalFrame.cpp(16,44): warning C4305: 'argument': truncation from 'double' to 'float'
  HUD.cpp
  HUDScreen.cpp
  Joint.cpp
  MySimulationEventCallback.cpp
  PenaltyScene.cpp
  PhysicsEngine.cpp
  Plane.cpp
  Player.cpp
C:\Users\Jamie\Documents\GitHub\3D-Physics-Engine\PhysXTutorial-master\PhysXTutorial-master\Tutorial 2\Player.cpp(8,169): warning C4305: 'argument': truncation from 'double' to 'float'
C:\Users\Jamie\Documents\GitHub\3D-Physics-Engine\PhysXTutorial-master\PhysXTutorial-master\Tutorial 2\Player.cpp(8,161): warning C4305: 'argument': truncation from 'double' to 'float'
C:\Users\Jamie\Documents\GitHub\3D-Physics-Engine\PhysXTutorial-master\PhysXTutorial-master\Tutorial 2\Player.cpp(8,156): warning C4305: 'argument': truncation from 'double' to 'float'
C:\Users\Jamie\Documents\GitHub\3D-Physics-Engine\PhysXTutorial-master\PhysXTutorial-master\Tutorial 2\Player.cpp(8,87): warning C4244: 'argument': conversion from 'double' to 'float', possible loss of data
C:\Users\Jamie\Documents\GitHub\3D-Physics-Engine\PhysXTutorial-master\PhysXTutorial-master\Tutorial 2\Player.cpp(9,69): warning C4244: 'argument': conversion from 'double' to 'float', possible loss of data
C:\Users\Jamie\Documents\GitHub\3D-Physics-Engine\PhysXTutorial-master\PhysXTutorial-master\Tutorial 2\Player.cpp(10,120): warning C4305: 'argument': truncation from 'double' to 'float'
C:\Users\Jamie\Documents\GitHub\3D-Physics-Engine\PhysXTutorial-master\PhysXTutorial-master\Tutorial 2\Player.cpp(10,115): warning C4305: 'argument': truncation from 'double' to 'float'
C:\Users\Jamie\Documents\GitHub\3D-Physics-Engine\PhysXTutorial-master\PhysXTutorial-master\Tutorial 2\Player.cpp(10,83): warning C4244: 'argument': conversion from 'double' to 'float', possible loss of data
C:\Users\Jamie\Documents\GitHub\3D-Physics-Engine\PhysXTutorial-master\PhysXTutorial-master\Tutorial 2\Player.cpp(15,52): warning C4305: 'argument': truncation from 'double' to 'float'
C:\Users\Jamie\Documents\GitHub\3D-Physics-Engine\PhysXTutorial-master\PhysXTutorial-master\Tutorial 2\Player.cpp(14,90): warning C4305: 'argument': truncation from 'double' to 'float'
C:\Users\Jamie\Documents\GitHub\3D-Physics-Engine\PhysXTutorial-master\PhysXTutorial-master\Tutorial 2\Player.cpp(19,52): warning C4305: 'argument': truncation from 'double' to 'float'
C:\Users\Jamie\Documents\GitHub\3D-Physics-Engine\PhysXTutorial-master\PhysXTutorial-master\Tutorial 2\Player.cpp(18,92): warning C4305: 'argument': truncation from 'double' to 'float'
C:\Users\Jamie\Documents\GitHub\3D-Physics-Engine\PhysXTutorial-master\PhysXTutorial-master\Tutorial 2\Player.cpp(18,85): warning C4305: 'argument': truncation from 'double' to 'float'
  PlayerFoot.cpp
C:\Users\Jamie\Documents\GitHub\3D-Physics-Engine\PhysXTutorial-master\PhysXTutorial-master\Tutorial 2\PlayerFoot.cpp(7,42): warning C4305: 'argument': truncation from 'double' to 'physx::PxReal'
C:\Users\Jamie\Documents\GitHub\3D-Physics-Engine\PhysXTutorial-master\PhysXTutorial-master\Tutorial 2\PlayerFoot.cpp(7,34): warning C4305: 'argument': truncation from 'double' to 'physx::PxReal'
C:\Users\Jamie\Documents\GitHub\3D-Physics-Engine\PhysXTutorial-master\PhysXTutorial-master\Tutorial 2\PlayerFoot.cpp(7,29): warning C4305: 'argument': truncation from 'double' to 'physx::PxReal'
C:\Users\Jamie\Documents\GitHub\3D-Physics-Engine\PhysXTutorial-master\PhysXTutorial-master\Tutorial 2\PlayerFoot.cpp(8,41): warning C4305: 'argument': truncation from 'double' to 'physx::PxReal'
C:\Users\Jamie\Documents\GitHub\3D-Physics-Engine\PhysXTutorial-master\PhysXTutorial-master\Tutorial 2\PlayerFoot.cpp(8,36): warning C4305: 'argument': truncation from 'double' to 'physx::PxReal'
C:\Users\Jamie\Documents\GitHub\3D-Physics-Engine\PhysXTutorial-master\PhysXTutorial-master\Tutorial 2\PlayerFoot.cpp(8,29): warning C4305: 'argument': truncation from 'double' to 'physx::PxReal'
C:\Users\Jamie\Documents\GitHub\3D-Physics-Engine\PhysXTutorial-master\PhysXTutorial-master\Tutorial 2\PlayerFoot.cpp(11,52): warning C4305: 'argument': truncation from 'double' to 'float'
C:\Users\Jamie\Documents\GitHub\3D-Physics-Engine\PhysXTutorial-master\PhysXTutorial-master\Tutorial 2\PlayerFoot.cpp(12,60): warning C4305: 'argument': truncation from 'double' to 'float'
C:\Users\Jamie\Documents\GitHub\3D-Physics-Engine\PhysXTutorial-master\PhysXTutorial-master\Tutorial 2\PlayerFoot.cpp(12,52): warning C4305: 'argument': truncation from 'double' to 'float'
  Generating Code...
  Compiling...
  RevoluteJoint.cpp
  Scene.cpp
  Sphere.cpp
  StaticActor.cpp
  TriangleMesh.cpp
  VisualDebugger.cpp
  Generating Code...
  Tutorial 2.vcxproj -> C:\Users\Jamie\Documents\GitHub\3D-Physics-Engine\PhysXTutorial-master\PhysXTutorial-master\x64\Debug\3D_Physics_Engine.exe
